
> @malloydata/malloy-service@0.0.1 start
> npm run build && node ./dist/server.js


> @malloydata/malloy-service@0.0.1 build
> npm run protos-gen && tsc --build


> @malloydata/malloy-service@0.0.1 protos-gen
> mkdir -p dist && npm run protos-gen-js && npm run protos-gen-ts


> @malloydata/malloy-service@0.0.1 protos-gen-js
> npx grpc_tools_node_protoc --js_out=import_style=commonjs,binary:dist --grpc_out=grpc_js:dist -I protos protos/**/**/*.proto


> @malloydata/malloy-service@0.0.1 protos-gen-ts
> npx grpc_tools_node_protoc --plugin=protoc-gen-ts=$(which protoc-gen-ts) --ts_out=src -I protos protos/**/**/*.proto

Server listening on 14310
######## RUNNING USING MALLOY RUNTIME ########
readURL() called:
mlr://flights.malloy
found URL
readURL() called:
mlr://flights.malloy/airports.malloy
found reference URL
lookupConnection() called.
["malloy-data.faa.carriers","malloy-data.faa.aircraft_models","malloy-data.faa.aircraft","malloy-data.faa.flights"]
Error: Given query name (sessionize) does not refer to a named query.
    at Model.getPreparedQueryByName (/usr/local/google/home/maden/dev/malloy/packages/malloy/dist/malloy.js:313:15)
    at QueryMaterializer._materialize (/usr/local/google/home/maden/dev/malloy/packages/malloy/dist/malloy.js:1518:47)
    at process.processTicksAndRejections (node:internal/process/task_queues:95:5)
    at async PreparedResultMaterializer._materialize (/usr/local/google/home/maden/dev/malloy/packages/malloy/dist/malloy.js:1745:21)
    at async QueryMaterializer.getSQL (/usr/local/google/home/maden/dev/malloy/packages/malloy/dist/malloy.js:1762:17)
